* using log directory ‘/Users/nychka/Dropbox/Home/Repositories/LatticeKrig/LatticeKrig.Rcheck’
* using R version 3.6.0 (2019-04-26)
* using platform: x86_64-apple-darwin15.6.0 (64-bit)
* using session charset: UTF-8
* using option ‘--as-cran’
* checking for file ‘LatticeKrig/DESCRIPTION’ ... OK
* this is package ‘LatticeKrig’ version ‘7.5’
* checking CRAN incoming feasibility ... Note_to_CRAN_maintainers
Maintainer: ‘Douglas Nychka <nychka@ucar.edu>’
* checking package namespace information ... OK
* checking package dependencies ... OK
* checking if this is a source package ... OK
* checking if there is a namespace ... OK
* checking for executable files ... OK
* checking for hidden files and directories ... OK
* checking for portable file names ... OK
* checking for sufficient/correct file permissions ... OK
* checking serialization versions ... OK
* checking whether package ‘LatticeKrig’ can be installed ... OK
* checking installed package size ... OK
* checking package directory ... OK
* checking for future file timestamps ... OK
* checking DESCRIPTION meta-information ... NOTE
Author field differs from that derived from Authors@R
  Author:    ‘Douglas Nychka [aut, cre], Dorit Hammerling [aut], Stephan Sain [aut], Nathan Lenssen [aut], Colette Smirniotis [aut]’
  Authors@R: ‘Douglas Nychka [aut, cre], Dorit Hammerling [aut], Stephan Sain [aut], Nathan Lenssen [aut], Colette Smirniotis [aut], University Corporation for Atmospheric Research [cph]’

* checking top-level files ... OK
* checking for left-over files ... OK
* checking index information ... OK
* checking package subdirectories ... OK
* checking R files for non-ASCII characters ... OK
* checking R files for syntax errors ... OK
* checking whether the package can be loaded ... OK
* checking whether the package can be loaded with stated dependencies ... OK
* checking whether the package can be unloaded cleanly ... OK
* checking whether the namespace can be loaded with stated dependencies ... OK
* checking whether the namespace can be unloaded cleanly ... OK
* checking use of S3 registration ... OK
* checking dependencies in R code ... OK
* checking S3 generic/method consistency ... OK
* checking replacement functions ... OK
* checking foreign function calls ... OK
* checking R code for possible problems ... OK
* checking Rd files ... OK
* checking Rd metadata ... OK
* checking Rd line widths ... OK
* checking Rd cross-references ... OK
* checking for missing documentation entries ... OK
* checking for code/documentation mismatches ... OK
* checking Rd \usage sections ... OK
* checking Rd contents ... OK
* checking for unstated dependencies in examples ... OK
* checking line endings in C/C++/Fortran sources/headers ... OK
* checking pragmas in C/C++ headers and code ... OK
* checking compilation flags used ... OK
* checking compiled code ... OK
* checking examples ... NOTE
Examples with CPU or elapsed time > 5s
                     user system elapsed
nonstationaryModels 5.442  0.786   6.233
* checking for unstated dependencies in ‘tests’ ... OK
* checking tests ... OK
  Running ‘LKrig.FindNorm.test.R’
  Comparing ‘LKrig.FindNorm.test.Rout’ to ‘LKrig.FindNorm.test.Rout.save’ ... OK
  Running ‘LKrig.LKCylinder.test.R’
  Comparing ‘LKrig.LKCylinder.test.Rout’ to ‘LKrig.LKCylinder.test.Rout.save’ ... OK
  Running ‘LKrig.LKSphere.test.R’
  Running ‘LKrig.basis.test.R’
  Comparing ‘LKrig.basis.test.Rout’ to ‘LKrig.basis.test.Rout.save’ ... OK
  Running ‘LKrig.lnPLike.test.R’ [12s/12s]
  Comparing ‘LKrig.lnPLike.test.Rout’ to ‘LKrig.lnPLike.test.Rout.save’ ... OK
  Running ‘LKrig.nullspace.test.R’
  Comparing ‘LKrig.nullspace.test.Rout’ to ‘LKrig.nullspace.test.Rout.save’ ... OK
  Running ‘LKrig.precision.test.R’
  Comparing ‘LKrig.precision.test.Rout’ to ‘LKrig.precision.test.Rout.save’ ... OK
  Running ‘LKrig.se.test.R’ [11s/11s]
  Comparing ‘LKrig.se.test.Rout’ to ‘LKrig.se.test.Rout.save’ ... OK
  Running ‘LKrig.test.3D.R’
  Comparing ‘LKrig.test.3D.Rout’ to ‘LKrig.test.3D.Rout.save’ ... OK
  Running ‘LKrig.test.Nonstationary.R’
  Running ‘LKrig.test.R’ [13s/13s]
  Comparing ‘LKrig.test.Rout’ to ‘LKrig.test.Rout.save’ ... OK
  Running ‘LKrig.test.inverse.R’
  Comparing ‘LKrig.test.inverse.Rout’ to ‘LKrig.test.inverse.Rout.save’ ... OK
  Running ‘LKrig.testFindAwght.R’ [1m/21m]
  Comparing ‘LKrig.testFindAwght.Rout’ to ‘LKrig.testFindAwght.Rout.save’ ... OK
  Running ‘LKrigMarginalVariance.test.R’
  Comparing ‘LKrigMarginalVariance.test.Rout’ to ‘LKrigMarginalVariance.test.Rout.save’ ... OK
* checking PDF version of manual ... OK
* DONE
Status: 2 NOTEs
