* installing *source* package ‘LatticeKrig’ ...
** using staged installation
** libs
gfortran  -fPIC  -Wall -g -O2  -c LKdist.f -o LKdist.o
gfortran: warning: couldn’t understand kern.osversion ‘17.7.0
gfortran  -fPIC  -Wall -g -O2  -c LKdistgrid.f -o LKdistgrid.o
gfortran: warning: couldn’t understand kern.osversion ‘17.7.0
gfortran  -fPIC  -Wall -g -O2  -c dfind1d.f -o dfind1d.o
gfortran: warning: couldn’t understand kern.osversion ‘17.7.0
gfortran  -fPIC  -Wall -g -O2  -c dfind2d.f -o dfind2d.o
gfortran: warning: couldn’t understand kern.osversion ‘17.7.0
gfortran  -fPIC  -Wall -g -O2  -c findNormNEW.f -o findNormNEW.o
gfortran: warning: couldn’t understand kern.osversion ‘17.7.0
gfortran  -fPIC  -Wall -g -O2  -c multBasisNEW.f -o multBasisNEW.o
gfortran: warning: couldn’t understand kern.osversion ‘17.7.0
clang -I"/Library/Frameworks/R.framework/Resources/include" -DNDEBUG   -isysroot /Library/Developer/CommandLineTools/SDKs/MacOSX.sdk -I/usr/local/include  -fPIC  -Wall -g -O2  -c zzzinit.c -o zzzinit.o
clang -dynamiclib -Wl,-headerpad_max_install_names -undefined dynamic_lookup -single_module -multiply_defined suppress -L/Library/Frameworks/R.framework/Resources/lib -L/usr/local/lib -o LatticeKrig.so LKdist.o LKdistgrid.o dfind1d.o dfind2d.o findNormNEW.o multBasisNEW.o zzzinit.o -L/usr/local/gfortran/lib/gcc/x86_64-apple-darwin15/6.1.0 -L/usr/local/gfortran/lib -lgfortran -lquadmath -lm -F/Library/Frameworks/R.framework/.. -framework R -Wl,-framework -Wl,CoreFoundation
ld: warning: directory not found for option '-L/usr/local/gfortran/lib/gcc/x86_64-apple-darwin15/6.1.0'
ld: warning: directory not found for option '-L/usr/local/gfortran/lib'
ld: warning: text-based stub file /System/Library/Frameworks//CoreFoundation.framework/CoreFoundation.tbd and library file /System/Library/Frameworks//CoreFoundation.framework/CoreFoundation are out of sync. Falling back to library file for linking.
installing to /Users/nychka/Dropbox/Home/Repositories/LatticeKrig/LatticeKrig.Rcheck/00LOCK-LatticeKrig/00new/LatticeKrig/libs
** R
** inst
** byte-compile and prepare package for lazy loading
** help
*** installing help indices
*** copying figures
** building package indices
** testing if installed package can be loaded from temporary location
** checking absolute paths in shared objects and dynamic libraries
** testing if installed package can be loaded from final location
** testing if installed package keeps a record of temporary installation path
* DONE (LatticeKrig)
