Hmm ... looks like a package

This is pdfTeX, Version 3.14159265-2.6-1.40.19 (TeX Live 2018) (preloaded format=pdflatex)
 restricted \write18 enabled.
entering extended mode
LaTeX2e <2018-04-01> patch level 2
Babel <3.18> and hyphenation patterns for 84 language(s) loaded.
(./Rd2.tex
(/usr/local/texlive/2018/texmf-dist/tex/latex/base/book.cls
Document Class: book 2014/09/29 v1.4h Standard LaTeX document class
(/usr/local/texlive/2018/texmf-dist/tex/latex/base/bk10.clo))
(/Library/Frameworks/R.framework/Resources/share/texmf/tex/latex/Rd.sty
(/usr/local/texlive/2018/texmf-dist/tex/latex/base/ifthen.sty)
(/usr/local/texlive/2018/texmf-dist/tex/latex/tools/longtable.sty)
(/usr/local/texlive/2018/texmf-dist/tex/latex/tools/bm.sty)
(/usr/local/texlive/2018/texmf-dist/tex/latex/base/alltt.sty)
(/usr/local/texlive/2018/texmf-dist/tex/latex/tools/verbatim.sty)
(/usr/local/texlive/2018/texmf-dist/tex/latex/url/url.sty)
(/usr/local/texlive/2018/texmf-dist/tex/latex/base/textcomp.sty
(/usr/local/texlive/2018/texmf-dist/tex/latex/base/ts1enc.def
(/usr/local/texlive/2018/texmf-dist/tex/latex/base/ts1enc.dfu)))
(/usr/local/texlive/2018/texmf-dist/tex/latex/base/fontenc.sty
(/usr/local/texlive/2018/texmf-dist/tex/latex/base/t1enc.def))
(/usr/local/texlive/2018/texmf-dist/tex/latex/psnfss/times.sty)
(/usr/local/texlive/2018/texmf-dist/tex/latex/inconsolata/zi4.sty
`inconsolata-zi4' v1.112, 2017/01/04 Text macros for Inconsolata (msharpe)
(/usr/local/texlive/2018/texmf-dist/tex/latex/xkeyval/xkeyval.sty
(/usr/local/texlive/2018/texmf-dist/tex/generic/xkeyval/xkeyval.tex
(/usr/local/texlive/2018/texmf-dist/tex/generic/xkeyval/xkvutils.tex
(/usr/local/texlive/2018/texmf-dist/tex/generic/xkeyval/keyval.tex)))))
(/usr/local/texlive/2018/texmf-dist/tex/latex/graphics/color.sty
(/usr/local/texlive/2018/texmf-dist/tex/latex/graphics-cfg/color.cfg)
(/usr/local/texlive/2018/texmf-dist/tex/latex/graphics-def/pdftex.def))
(/usr/local/texlive/2018/texmf-dist/tex/latex/hyperref/hyperref.sty
(/usr/local/texlive/2018/texmf-dist/tex/generic/oberdiek/hobsub-hyperref.sty
(/usr/local/texlive/2018/texmf-dist/tex/generic/oberdiek/hobsub-generic.sty))
(/usr/local/texlive/2018/texmf-dist/tex/generic/ifxetex/ifxetex.sty)
(/usr/local/texlive/2018/texmf-dist/tex/latex/oberdiek/auxhook.sty)
(/usr/local/texlive/2018/texmf-dist/tex/latex/oberdiek/kvoptions.sty)
(/usr/local/texlive/2018/texmf-dist/tex/latex/hyperref/pd1enc.def)
(/usr/local/texlive/2018/texmf-dist/tex/latex/latexconfig/hyperref.cfg))
(/usr/local/texlive/2018/texmf-dist/tex/latex/hyperref/hpdftex.def
(/usr/local/texlive/2018/texmf-dist/tex/latex/oberdiek/rerunfilecheck.sty))

Package hyperref Warning: Option `hyperindex' has already been used,
(hyperref)                setting the option has no effect on input line 377.


Package hyperref Warning: Option `pagebackref' has already been used,
(hyperref)                setting the option has no effect on input line 377.

) (/usr/local/texlive/2018/texmf-dist/tex/latex/base/makeidx.sty)
(/usr/local/texlive/2018/texmf-dist/tex/latex/base/inputenc.sty
(/usr/local/texlive/2018/texmf-dist/tex/latex/base/latin1.def))
Writing index file Rd2.idx
No file Rd2.aux.
(/usr/local/texlive/2018/texmf-dist/tex/latex/base/ts1cmr.fd)
(/usr/local/texlive/2018/texmf-dist/tex/latex/psnfss/t1ptm.fd)
(/usr/local/texlive/2018/texmf-dist/tex/context/base/mkii/supp-pdf.mkii
[Loading MPS to PDF converter (version 2006.09.02).]
) (/usr/local/texlive/2018/texmf-dist/tex/latex/hyperref/nameref.sty
(/usr/local/texlive/2018/texmf-dist/tex/generic/oberdiek/gettitlestring.sty))
(/usr/local/texlive/2018/texmf-dist/tex/latex/inconsolata/t1zi4.fd)
(/usr/local/texlive/2018/texmf-dist/tex/latex/psnfss/ts1ptm.fd) [1{/usr/local/t
exlive/2018/texmf-var/fonts/map/pdftex/updmap/pdftex.map}]
(/usr/local/texlive/2018/texmf-dist/tex/latex/psnfss/t1phv.fd)
(/usr/local/texlive/2018/texmf-dist/tex/latex/base/utf8.def) [2] [3] [4]
[5] (/usr/local/texlive/2018/texmf-dist/tex/latex/inconsolata/ts1zi4.fd)
Overfull \hbox (25.91913pt too wide) in paragraph at lines 370--372
[]\T1/ptm/m/n/10 Or for the func-tion \T1/zi4/m/n/10 print.LatticeKrig x \T1/pt
m/m/n/10 is the re-turned ob-ject from the \T1/zi4/m/n/10 LatticeKrig
[6] [7] [8] [9]
Underfull \vbox (badness 10000) has occurred while \output is active [10]
Underfull \vbox (badness 10000) has occurred while \output is active [11]
Overfull \hbox (8.25941pt too wide) in paragraph at lines 754--754
 []\T1/zi4/m/n/9 colorTable<- designer.colors( 256, c("red4", "orange", "yellow
","green1", "green4", "blue"))[] 

Underfull \vbox (badness 10000) has occurred while \output is active [12]
[13] [14] [15]
Overfull \hbox (20.5174pt too wide) in paragraph at lines 963--965
[]\T1/ptm/m/n/10 Setup the lat-tice in-for-ma-tion and put in the com-po-nent \
T1/zi4/m/n/10 LKinfo$latticeInfo 

Overfull \hbox (2.6463pt too wide) in paragraph at lines 1005--1007
[]\T1/ptm/b/n/10 LKrigLatticeCenters.MyNewIdea\T1/ptm/m/n/10 (LKinfo, Level) Re
-turns the spa-tial lo-ca-tions of the lat-tice points
[16] [17] [18] [19] [20] [21] [22] [23]
Overfull \hbox (3.49794pt too wide) in paragraph at lines 1504--1513
[]\T1/ptm/m/n/10 For LKrig these ex-tra ar-gu-ments are in-ter-preted as ap-pro
-pri-ate for the LKrigSetup
[24] [25]
Overfull \hbox (19.8877pt too wide) in paragraph at lines 1661--1669
[]\T1/ptm/m/n/10 For a sin-gle level the RBFs are cen-tered at a reg-u-lar grid
 of points and with ra-dial sup-port \T1/zi4/m/n/10 delta*overlap
[26] [27] [28] [29]
Overfull \hbox (37.54686pt too wide) in paragraph at lines 1981--1985
[]\T1/ptm/m/n/10 LatticeKrig, LKrig.sim.conditional, LKrig.MLE, mKrig, Krig, fa
stTps, Wend-land, LKrig.coef, Lkrig.lnPlike,
[30]
Underfull \vbox (badness 10000) has occurred while \output is active [31]
Underfull \vbox (badness 10000) has occurred while \output is active [32]
Underfull \vbox (badness 10000) has occurred while \output is active [33]
Underfull \vbox (badness 10000) has occurred while \output is active [34]
Underfull \vbox (badness 10000) has occurred while \output is active [35]
[36] [37] [38] [39] [40] [41] [42] [43] [44] [45]
Underfull \vbox (badness 10000) has occurred while \output is active [46]
Underfull \vbox (badness 10000) has occurred while \output is active [47]
Underfull \vbox (badness 10000) has occurred while \output is active [48]
[49]
Overfull \hbox (37.40862pt too wide) in paragraph at lines 3276--3278
[]\T1/ptm/m/n/10 The en-v-iorn-ment to save to the like-li-hood eval-u-a-tion t
o the ob-ject \T1/zi4/m/n/10 capture.evaluations\T1/ptm/m/n/10 . 
[50]
Overfull \hbox (15.10759pt too wide) in paragraph at lines 3319--3330
\T1/ptm/m/n/10 columns. Thus, the kth trial has pa-ram-e-ters par.grid\$llambda
[k], par.grid\$alpha[k,]
[51] [52] [53]
Underfull \vbox (badness 10000) has occurred while \output is active [54]
Underfull \vbox (badness 10000) has occurred while \output is active [55]
Underfull \vbox (badness 10000) has occurred while \output is active [56]
[57] [58] [59] [60]
Overfull \hbox (13.8092pt too wide) in paragraph at lines 4041--4045
[]\T1/ptm/m/n/10 Finds pair-wise dis-tances within

Overfull \hbox (3.8092pt too wide) in paragraph at lines 4049--4051
[]\T1/ptm/m/n/10 Finds pair-wise dis-tances within

Overfull \hbox (2.26813pt too wide) in paragraph at lines 4049--4051
\T1/ptm/m/n/10 the ra-dius delta be-tween all lo-ca-tions \T1/zi4/m/n/10 x1 \T1
/ptm/m/n/10 and \T1/zi4/m/n/10 x2\T1/ptm/m/n/10 . Will call ei-ther \T1/zi4/m/n
/10 LKdist \T1/ptm/m/n/10 or \T1/zi4/m/n/10 LKDistComponents\T1/ptm/m/n/10 . 
[61] [62] [63] [64] [65] [66] [67] [68]
Overfull \hbox (14.05878pt too wide) in paragraph at lines 4575--4581
\T1/ptm/m/n/10 Specif-i-cally the form is VAR(g(x1))= rho*h(x1) Call-ing \T1/zi
4/m/n/10 predict(rho.object,x1)
[69] [70] [71] [72] [73] [74] [75] [76] [77]
Underfull \vbox (badness 10000) has occurred while \output is active [78]
Underfull \vbox (badness 10000) has occurred while \output is active [79]
Underfull \vbox (badness 10000) has occurred while \output is active [80]
Underfull \vbox (badness 10000) has occurred while \output is active [81]
[82] [83]
Overfull \hbox (10.83604pt too wide) in paragraph at lines 5585--5587
[]\T1/ptm/m/n/10 Euclidean dis-tance be-tween two sets of co-or-di-nates but re
-stricted to a max-i-mum dis-tance.Called

Overfull \hbox (80.70715pt too wide) in paragraph at lines 5591--5593
[]\T1/ptm/m/n/10 Same as lkdist-grid but the com-po-nent dis-tances are found f
or each co-or-di-nate.\T1/zi4/m/n/10 LKDistGridComponents 
[84]
Overfull \hbox (0.34082pt too wide) in paragraph at lines 5602--5605
[][]$\T1/zi4/m/n/10 http : / / r . 789695 . n4 . nabble . com / Registration-[]
of-[]native-[]routines-[]td4728874 . html$[][] \T1/ptm/m/n/10 for
[85]
Overfull \hbox (3.74974pt too wide) in paragraph at lines 5741--5746
[]\T1/ptm/m/n/10 They each have the four spe-cific meth-ods: \T1/zi4/m/n/10 LKr
igLatticeCenters\T1/ptm/m/n/10 , \T1/zi4/m/n/10 LKrigSAR\T1/ptm/m/n/10 , \T1/zi
4/m/n/10 LKrigSetupLattice\T1/ptm/m/n/10 ,
[86]
Overfull \hbox (24.83768pt too wide) in paragraph at lines 5786--5789
\T1/ptm/m/n/10 for any field that is lin-ear in the tan-gent plane to the node.
 Specif-i-cally in the func-tion \T1/zi4/m/n/10 LKrigSAR.LKSphere
[87] [88]
Overfull \hbox (15.73795pt too wide) in paragraph at lines 5895--5895
 []\T1/zi4/m/n/9 # Use two levels starting at the second genertation of lattice
 points from the triangularization[] 

Underfull \vbox (badness 10000) has occurred while \output is active [89]
No file Rd2.ind.
[90] (./Rd2.aux)

Package rerunfilecheck Warning: File `Rd2.out' has changed.
(rerunfilecheck)                Rerun to get outlines right
(rerunfilecheck)                or use package `bookmark'.

 )
(see the transcript file for additional information)pdfTeX warning (dest): name
{Rfn.NativeSymbolInfo} has been referenced but does not exist, replaced by a fi
xed one

pdfTeX warning (dest): name{Rfn.spind2full} has been referenced but does not ex
ist, replaced by a fixed one

pdfTeX warning (dest): name{Rfn.spind2spam} has been referenced but does not ex
ist, replaced by a fixed one

{/usr/local/texlive/2018/texmf-dist/fonts/enc/dvips/inconsolata/i4-ts1.enc}{/us
r/local/texlive/2018/texmf-dist/fonts/enc/dvips/base/8r.enc}{/usr/local/texlive
/2018/texmf-dist/fonts/enc/dvips/inconsolata/i4-t1-0.enc}</usr/local/texlive/20
18/texmf-dist/fonts/type1/public/inconsolata/Inconsolata-zi4r.pfb></usr/local/t
exlive/2018/texmf-dist/fonts/type1/public/amsfonts/cm/cmex10.pfb></usr/local/te
xlive/2018/texmf-dist/fonts/type1/public/amsfonts/cm/cmmi10.pfb></usr/local/tex
live/2018/texmf-dist/fonts/type1/public/amsfonts/cm/cmmi7.pfb></usr/local/texli
ve/2018/texmf-dist/fonts/type1/public/amsfonts/cm/cmr10.pfb></usr/local/texlive
/2018/texmf-dist/fonts/type1/public/amsfonts/cm/cmr7.pfb></usr/local/texlive/20
18/texmf-dist/fonts/type1/public/amsfonts/cm/cmsy10.pfb></usr/local/texlive/201
8/texmf-dist/fonts/type1/urw/helvetic/uhvr8a.pfb></usr/local/texlive/2018/texmf
-dist/fonts/type1/urw/times/utmb8a.pfb></usr/local/texlive/2018/texmf-dist/font
s/type1/urw/times/utmr8a.pfb></usr/local/texlive/2018/texmf-dist/fonts/type1/ur
w/times/utmr8a.pfb></usr/local/texlive/2018/texmf-dist/fonts/type1/urw/times/ut
mri8a.pfb>
Output written on Rd2.pdf (90 pages, 343328 bytes).
Transcript written on Rd2.log.
This is makeindex, version 2.15 [TeX Live 2018] (kpathsea + Thai support).
Scanning input file Rd2.idx....done (204 entries accepted, 0 rejected).
Sorting entries.....done (1701 comparisons).
Generating output file Rd2.ind....done (324 lines written, 1 warning).
Output written in Rd2.ind.
Transcript written in Rd2.ilg.
This is pdfTeX, Version 3.14159265-2.6-1.40.19 (TeX Live 2018) (preloaded format=pdflatex)
 restricted \write18 enabled.
entering extended mode
LaTeX2e <2018-04-01> patch level 2
Babel <3.18> and hyphenation patterns for 84 language(s) loaded.
(./Rd2.tex
(/usr/local/texlive/2018/texmf-dist/tex/latex/base/book.cls
Document Class: book 2014/09/29 v1.4h Standard LaTeX document class
(/usr/local/texlive/2018/texmf-dist/tex/latex/base/bk10.clo))
(/Library/Frameworks/R.framework/Resources/share/texmf/tex/latex/Rd.sty
(/usr/local/texlive/2018/texmf-dist/tex/latex/base/ifthen.sty)
(/usr/local/texlive/2018/texmf-dist/tex/latex/tools/longtable.sty)
(/usr/local/texlive/2018/texmf-dist/tex/latex/tools/bm.sty)
(/usr/local/texlive/2018/texmf-dist/tex/latex/base/alltt.sty)
(/usr/local/texlive/2018/texmf-dist/tex/latex/tools/verbatim.sty)
(/usr/local/texlive/2018/texmf-dist/tex/latex/url/url.sty)
(/usr/local/texlive/2018/texmf-dist/tex/latex/base/textcomp.sty
(/usr/local/texlive/2018/texmf-dist/tex/latex/base/ts1enc.def
(/usr/local/texlive/2018/texmf-dist/tex/latex/base/ts1enc.dfu)))
(/usr/local/texlive/2018/texmf-dist/tex/latex/base/fontenc.sty
(/usr/local/texlive/2018/texmf-dist/tex/latex/base/t1enc.def))
(/usr/local/texlive/2018/texmf-dist/tex/latex/psnfss/times.sty)
(/usr/local/texlive/2018/texmf-dist/tex/latex/inconsolata/zi4.sty
`inconsolata-zi4' v1.112, 2017/01/04 Text macros for Inconsolata (msharpe)
(/usr/local/texlive/2018/texmf-dist/tex/latex/xkeyval/xkeyval.sty
(/usr/local/texlive/2018/texmf-dist/tex/generic/xkeyval/xkeyval.tex
(/usr/local/texlive/2018/texmf-dist/tex/generic/xkeyval/xkvutils.tex
(/usr/local/texlive/2018/texmf-dist/tex/generic/xkeyval/keyval.tex)))))
(/usr/local/texlive/2018/texmf-dist/tex/latex/graphics/color.sty
(/usr/local/texlive/2018/texmf-dist/tex/latex/graphics-cfg/color.cfg)
(/usr/local/texlive/2018/texmf-dist/tex/latex/graphics-def/pdftex.def))
(/usr/local/texlive/2018/texmf-dist/tex/latex/hyperref/hyperref.sty
(/usr/local/texlive/2018/texmf-dist/tex/generic/oberdiek/hobsub-hyperref.sty
(/usr/local/texlive/2018/texmf-dist/tex/generic/oberdiek/hobsub-generic.sty))
(/usr/local/texlive/2018/texmf-dist/tex/generic/ifxetex/ifxetex.sty)
(/usr/local/texlive/2018/texmf-dist/tex/latex/oberdiek/auxhook.sty)
(/usr/local/texlive/2018/texmf-dist/tex/latex/oberdiek/kvoptions.sty)
(/usr/local/texlive/2018/texmf-dist/tex/latex/hyperref/pd1enc.def)
(/usr/local/texlive/2018/texmf-dist/tex/latex/latexconfig/hyperref.cfg))
(/usr/local/texlive/2018/texmf-dist/tex/latex/hyperref/hpdftex.def
(/usr/local/texlive/2018/texmf-dist/tex/latex/oberdiek/rerunfilecheck.sty))

Package hyperref Warning: Option `hyperindex' has already been used,
(hyperref)                setting the option has no effect on input line 377.


Package hyperref Warning: Option `pagebackref' has already been used,
(hyperref)                setting the option has no effect on input line 377.

) (/usr/local/texlive/2018/texmf-dist/tex/latex/base/makeidx.sty)
(/usr/local/texlive/2018/texmf-dist/tex/latex/base/inputenc.sty
(/usr/local/texlive/2018/texmf-dist/tex/latex/base/latin1.def))
Writing index file Rd2.idx
(./Rd2.aux) (/usr/local/texlive/2018/texmf-dist/tex/latex/base/ts1cmr.fd)
(/usr/local/texlive/2018/texmf-dist/tex/latex/psnfss/t1ptm.fd)
(/usr/local/texlive/2018/texmf-dist/tex/context/base/mkii/supp-pdf.mkii
[Loading MPS to PDF converter (version 2006.09.02).]
) (/usr/local/texlive/2018/texmf-dist/tex/latex/hyperref/nameref.sty
(/usr/local/texlive/2018/texmf-dist/tex/generic/oberdiek/gettitlestring.sty))
(./Rd2.out) (./Rd2.out)
(/usr/local/texlive/2018/texmf-dist/tex/latex/inconsolata/t1zi4.fd)
(/usr/local/texlive/2018/texmf-dist/tex/latex/psnfss/ts1ptm.fd) [1{/usr/local/t
exlive/2018/texmf-var/fonts/map/pdftex/updmap/pdftex.map}]
(/usr/local/texlive/2018/texmf-dist/tex/latex/psnfss/t1phv.fd) (./Rd2.toc)
(/usr/local/texlive/2018/texmf-dist/tex/latex/base/utf8.def) [2] [3] [4]
[5] [6] (/usr/local/texlive/2018/texmf-dist/tex/latex/inconsolata/ts1zi4.fd)
Overfull \hbox (25.91913pt too wide) in paragraph at lines 370--372
[]\T1/ptm/m/n/10 Or for the func-tion \T1/zi4/m/n/10 print.LatticeKrig x \T1/pt
m/m/n/10 is the re-turned ob-ject from the \T1/zi4/m/n/10 LatticeKrig
[7] [8] [9]
Underfull \vbox (badness 10000) has occurred while \output is active [10]
Underfull \vbox (badness 10000) has occurred while \output is active [11]
Underfull \vbox (badness 10000) has occurred while \output is active [12]
Overfull \hbox (8.25941pt too wide) in paragraph at lines 754--754
 []\T1/zi4/m/n/9 colorTable<- designer.colors( 256, c("red4", "orange", "yellow
","green1", "green4", "blue"))[] 
[13] [14] [15]
Overfull \hbox (20.5174pt too wide) in paragraph at lines 963--965
[]\T1/ptm/m/n/10 Setup the lat-tice in-for-ma-tion and put in the com-po-nent \
T1/zi4/m/n/10 LKinfo$latticeInfo 
[16]
Overfull \hbox (2.6463pt too wide) in paragraph at lines 1005--1007
[]\T1/ptm/b/n/10 LKrigLatticeCenters.MyNewIdea\T1/ptm/m/n/10 (LKinfo, Level) Re
-turns the spa-tial lo-ca-tions of the lat-tice points
[17] [18] [19] [20] [21] [22] [23] [24]
Overfull \hbox (3.49794pt too wide) in paragraph at lines 1504--1513
[]\T1/ptm/m/n/10 For LKrig these ex-tra ar-gu-ments are in-ter-preted as ap-pro
-pri-ate for the LKrigSetup
[25] [26]
Overfull \hbox (19.8877pt too wide) in paragraph at lines 1661--1669
[]\T1/ptm/m/n/10 For a sin-gle level the RBFs are cen-tered at a reg-u-lar grid
 of points and with ra-dial sup-port \T1/zi4/m/n/10 delta*overlap
[27] [28] [29] [30]
Overfull \hbox (37.54686pt too wide) in paragraph at lines 1981--1985
[]\T1/ptm/m/n/10 LatticeKrig, LKrig.sim.conditional, LKrig.MLE, mKrig, Krig, fa
stTps, Wend-land, LKrig.coef, Lkrig.lnPlike,
[31]
Underfull \vbox (badness 10000) has occurred while \output is active [32]
Underfull \vbox (badness 10000) has occurred while \output is active [33]
Underfull \vbox (badness 10000) has occurred while \output is active [34]
Underfull \vbox (badness 10000) has occurred while \output is active [35]
[36] [37] [38] [39] [40] [41] [42] [43] [44] [45] [46]
Underfull \vbox (badness 10000) has occurred while \output is active [47]
Underfull \vbox (badness 10000) has occurred while \output is active [48]
[49]
Overfull \hbox (37.40862pt too wide) in paragraph at lines 3276--3278
[]\T1/ptm/m/n/10 The en-v-iorn-ment to save to the like-li-hood eval-u-a-tion t
o the ob-ject \T1/zi4/m/n/10 capture.evaluations\T1/ptm/m/n/10 . 
[50]
Overfull \hbox (15.10759pt too wide) in paragraph at lines 3319--3330
\T1/ptm/m/n/10 columns. Thus, the kth trial has pa-ram-e-ters par.grid\$llambda
[k], par.grid\$alpha[k,]
[51] [52] [53]
Underfull \vbox (badness 10000) has occurred while \output is active [54]
Underfull \vbox (badness 10000) has occurred while \output is active [55]
Underfull \vbox (badness 10000) has occurred while \output is active [56]
[57] [58] [59] [60]
Overfull \hbox (13.8092pt too wide) in paragraph at lines 4041--4045
[]\T1/ptm/m/n/10 Finds pair-wise dis-tances within

Overfull \hbox (3.8092pt too wide) in paragraph at lines 4049--4051
[]\T1/ptm/m/n/10 Finds pair-wise dis-tances within

Overfull \hbox (2.26813pt too wide) in paragraph at lines 4049--4051
\T1/ptm/m/n/10 the ra-dius delta be-tween all lo-ca-tions \T1/zi4/m/n/10 x1 \T1
/ptm/m/n/10 and \T1/zi4/m/n/10 x2\T1/ptm/m/n/10 . Will call ei-ther \T1/zi4/m/n
/10 LKdist \T1/ptm/m/n/10 or \T1/zi4/m/n/10 LKDistComponents\T1/ptm/m/n/10 . 
[61] [62] [63] [64] [65] [66] [67] [68]
Overfull \hbox (14.05878pt too wide) in paragraph at lines 4575--4581
\T1/ptm/m/n/10 Specif-i-cally the form is VAR(g(x1))= rho*h(x1) Call-ing \T1/zi
4/m/n/10 predict(rho.object,x1)
[69] [70] [71] [72] [73] [74] [75] [76] [77]
Underfull \vbox (badness 10000) has occurred while \output is active [78]
Underfull \vbox (badness 10000) has occurred while \output is active [79]
Underfull \vbox (badness 10000) has occurred while \output is active [80]
Underfull \vbox (badness 10000) has occurred while \output is active [81]
[82] [83]
Overfull \hbox (10.83604pt too wide) in paragraph at lines 5585--5587
[]\T1/ptm/m/n/10 Euclidean dis-tance be-tween two sets of co-or-di-nates but re
-stricted to a max-i-mum dis-tance.Called

Overfull \hbox (80.70715pt too wide) in paragraph at lines 5591--5593
[]\T1/ptm/m/n/10 Same as lkdist-grid but the com-po-nent dis-tances are found f
or each co-or-di-nate.\T1/zi4/m/n/10 LKDistGridComponents 
[84]
Overfull \hbox (0.34082pt too wide) in paragraph at lines 5602--5605
[][]$\T1/zi4/m/n/10 http : / / r . 789695 . n4 . nabble . com / Registration-[]
of-[]native-[]routines-[]td4728874 . html$[][] \T1/ptm/m/n/10 for
[85]
Overfull \hbox (3.74974pt too wide) in paragraph at lines 5741--5746
[]\T1/ptm/m/n/10 They each have the four spe-cific meth-ods: \T1/zi4/m/n/10 LKr
igLatticeCenters\T1/ptm/m/n/10 , \T1/zi4/m/n/10 LKrigSAR\T1/ptm/m/n/10 , \T1/zi
4/m/n/10 LKrigSetupLattice\T1/ptm/m/n/10 ,
[86]
Overfull \hbox (24.83768pt too wide) in paragraph at lines 5786--5789
\T1/ptm/m/n/10 for any field that is lin-ear in the tan-gent plane to the node.
 Specif-i-cally in the func-tion \T1/zi4/m/n/10 LKrigSAR.LKSphere
[87] [88]
Overfull \hbox (15.73795pt too wide) in paragraph at lines 5895--5895
 []\T1/zi4/m/n/9 # Use two levels starting at the second genertation of lattice
 points from the triangularization[] 

Underfull \vbox (badness 10000) has occurred while \output is active [89]
(./Rd2.ind [90]

LaTeX Font Warning: Font shape `T1/zi4/m/it' undefined
(Font)              using `T1/zi4/m/n' instead on input line 40.

[91]
Overfull \hbox (30.8567pt too wide) in paragraph at lines 194--196
[]\T1/zi4/m/it/10 LKrigDistance,matrix,gridList,numeric-method 

Overfull \hbox (20.8567pt too wide) in paragraph at lines 196--198
[]\T1/zi4/m/it/10 LKrigDistance,matrix,matrix,numeric-method 
[92] [93]) (./Rd2.aux)

Package rerunfilecheck Warning: File `Rd2.out' has changed.
(rerunfilecheck)                Rerun to get outlines right
(rerunfilecheck)                or use package `bookmark'.


LaTeX Font Warning: Some font shapes were not available, defaults substituted.

 )
(see the transcript file for additional information)pdfTeX warning (dest): name
{Rfn.NativeSymbolInfo} has been referenced but does not exist, replaced by a fi
xed one

pdfTeX warning (dest): name{Rfn.spind2full} has been referenced but does not ex
ist, replaced by a fixed one

pdfTeX warning (dest): name{Rfn.spind2spam} has been referenced but does not ex
ist, replaced by a fixed one

{/usr/local/texlive/2018/texmf-dist/fonts/enc/dvips/inconsolata/i4-ts1.enc}{/us
r/local/texlive/2018/texmf-dist/fonts/enc/dvips/base/8r.enc}{/usr/local/texlive
/2018/texmf-dist/fonts/enc/dvips/inconsolata/i4-t1-0.enc}</usr/local/texlive/20
18/texmf-dist/fonts/type1/public/inconsolata/Inconsolata-zi4r.pfb></usr/local/t
exlive/2018/texmf-dist/fonts/type1/public/amsfonts/cm/cmex10.pfb></usr/local/te
xlive/2018/texmf-dist/fonts/type1/public/amsfonts/cm/cmmi10.pfb></usr/local/tex
live/2018/texmf-dist/fonts/type1/public/amsfonts/cm/cmmi7.pfb></usr/local/texli
ve/2018/texmf-dist/fonts/type1/public/amsfonts/cm/cmr10.pfb></usr/local/texlive
/2018/texmf-dist/fonts/type1/public/amsfonts/cm/cmr7.pfb></usr/local/texlive/20
18/texmf-dist/fonts/type1/public/amsfonts/cm/cmsy10.pfb></usr/local/texlive/201
8/texmf-dist/fonts/type1/urw/helvetic/uhvr8a.pfb></usr/local/texlive/2018/texmf
-dist/fonts/type1/urw/times/utmb8a.pfb></usr/local/texlive/2018/texmf-dist/font
s/type1/urw/times/utmr8a.pfb></usr/local/texlive/2018/texmf-dist/fonts/type1/ur
w/times/utmr8a.pfb></usr/local/texlive/2018/texmf-dist/fonts/type1/urw/times/ut
mri8a.pfb>
Output written on Rd2.pdf (93 pages, 359063 bytes).
Transcript written on Rd2.log.
This is makeindex, version 2.15 [TeX Live 2018] (kpathsea + Thai support).
Scanning input file Rd2.idx....done (204 entries accepted, 0 rejected).
Sorting entries.....done (1701 comparisons).
Generating output file Rd2.ind....done (324 lines written, 2 warnings).
Output written in Rd2.ind.
Transcript written in Rd2.ilg.
This is pdfTeX, Version 3.14159265-2.6-1.40.19 (TeX Live 2018) (preloaded format=pdflatex)
 restricted \write18 enabled.
entering extended mode
LaTeX2e <2018-04-01> patch level 2
Babel <3.18> and hyphenation patterns for 84 language(s) loaded.
(./Rd2.tex
(/usr/local/texlive/2018/texmf-dist/tex/latex/base/book.cls
Document Class: book 2014/09/29 v1.4h Standard LaTeX document class
(/usr/local/texlive/2018/texmf-dist/tex/latex/base/bk10.clo))
(/Library/Frameworks/R.framework/Resources/share/texmf/tex/latex/Rd.sty
(/usr/local/texlive/2018/texmf-dist/tex/latex/base/ifthen.sty)
(/usr/local/texlive/2018/texmf-dist/tex/latex/tools/longtable.sty)
(/usr/local/texlive/2018/texmf-dist/tex/latex/tools/bm.sty)
(/usr/local/texlive/2018/texmf-dist/tex/latex/base/alltt.sty)
(/usr/local/texlive/2018/texmf-dist/tex/latex/tools/verbatim.sty)
(/usr/local/texlive/2018/texmf-dist/tex/latex/url/url.sty)
(/usr/local/texlive/2018/texmf-dist/tex/latex/base/textcomp.sty
(/usr/local/texlive/2018/texmf-dist/tex/latex/base/ts1enc.def
(/usr/local/texlive/2018/texmf-dist/tex/latex/base/ts1enc.dfu)))
(/usr/local/texlive/2018/texmf-dist/tex/latex/base/fontenc.sty
(/usr/local/texlive/2018/texmf-dist/tex/latex/base/t1enc.def))
(/usr/local/texlive/2018/texmf-dist/tex/latex/psnfss/times.sty)
(/usr/local/texlive/2018/texmf-dist/tex/latex/inconsolata/zi4.sty
`inconsolata-zi4' v1.112, 2017/01/04 Text macros for Inconsolata (msharpe)
(/usr/local/texlive/2018/texmf-dist/tex/latex/xkeyval/xkeyval.sty
(/usr/local/texlive/2018/texmf-dist/tex/generic/xkeyval/xkeyval.tex
(/usr/local/texlive/2018/texmf-dist/tex/generic/xkeyval/xkvutils.tex
(/usr/local/texlive/2018/texmf-dist/tex/generic/xkeyval/keyval.tex)))))
(/usr/local/texlive/2018/texmf-dist/tex/latex/graphics/color.sty
(/usr/local/texlive/2018/texmf-dist/tex/latex/graphics-cfg/color.cfg)
(/usr/local/texlive/2018/texmf-dist/tex/latex/graphics-def/pdftex.def))
(/usr/local/texlive/2018/texmf-dist/tex/latex/hyperref/hyperref.sty
(/usr/local/texlive/2018/texmf-dist/tex/generic/oberdiek/hobsub-hyperref.sty
(/usr/local/texlive/2018/texmf-dist/tex/generic/oberdiek/hobsub-generic.sty))
(/usr/local/texlive/2018/texmf-dist/tex/generic/ifxetex/ifxetex.sty)
(/usr/local/texlive/2018/texmf-dist/tex/latex/oberdiek/auxhook.sty)
(/usr/local/texlive/2018/texmf-dist/tex/latex/oberdiek/kvoptions.sty)
(/usr/local/texlive/2018/texmf-dist/tex/latex/hyperref/pd1enc.def)
(/usr/local/texlive/2018/texmf-dist/tex/latex/latexconfig/hyperref.cfg))
(/usr/local/texlive/2018/texmf-dist/tex/latex/hyperref/hpdftex.def
(/usr/local/texlive/2018/texmf-dist/tex/latex/oberdiek/rerunfilecheck.sty))

Package hyperref Warning: Option `hyperindex' has already been used,
(hyperref)                setting the option has no effect on input line 377.


Package hyperref Warning: Option `pagebackref' has already been used,
(hyperref)                setting the option has no effect on input line 377.

) (/usr/local/texlive/2018/texmf-dist/tex/latex/base/makeidx.sty)
(/usr/local/texlive/2018/texmf-dist/tex/latex/base/inputenc.sty
(/usr/local/texlive/2018/texmf-dist/tex/latex/base/latin1.def))
Writing index file Rd2.idx
(./Rd2.aux) (/usr/local/texlive/2018/texmf-dist/tex/latex/base/ts1cmr.fd)
(/usr/local/texlive/2018/texmf-dist/tex/latex/psnfss/t1ptm.fd)
(/usr/local/texlive/2018/texmf-dist/tex/context/base/mkii/supp-pdf.mkii
[Loading MPS to PDF converter (version 2006.09.02).]
) (/usr/local/texlive/2018/texmf-dist/tex/latex/hyperref/nameref.sty
(/usr/local/texlive/2018/texmf-dist/tex/generic/oberdiek/gettitlestring.sty))
(./Rd2.out) (./Rd2.out)
(/usr/local/texlive/2018/texmf-dist/tex/latex/inconsolata/t1zi4.fd)
(/usr/local/texlive/2018/texmf-dist/tex/latex/psnfss/ts1ptm.fd) [1{/usr/local/t
exlive/2018/texmf-var/fonts/map/pdftex/updmap/pdftex.map}]
(/usr/local/texlive/2018/texmf-dist/tex/latex/psnfss/t1phv.fd) (./Rd2.toc)
(/usr/local/texlive/2018/texmf-dist/tex/latex/base/utf8.def) [2] [3] [4]
[5] [6] (/usr/local/texlive/2018/texmf-dist/tex/latex/inconsolata/ts1zi4.fd)
Overfull \hbox (25.91913pt too wide) in paragraph at lines 370--372
[]\T1/ptm/m/n/10 Or for the func-tion \T1/zi4/m/n/10 print.LatticeKrig x \T1/pt
m/m/n/10 is the re-turned ob-ject from the \T1/zi4/m/n/10 LatticeKrig
[7] [8] [9]
Underfull \vbox (badness 10000) has occurred while \output is active [10]
Underfull \vbox (badness 10000) has occurred while \output is active [11]
Underfull \vbox (badness 10000) has occurred while \output is active [12]
Overfull \hbox (8.25941pt too wide) in paragraph at lines 754--754
 []\T1/zi4/m/n/9 colorTable<- designer.colors( 256, c("red4", "orange", "yellow
","green1", "green4", "blue"))[] 
[13] [14] [15]
Overfull \hbox (20.5174pt too wide) in paragraph at lines 963--965
[]\T1/ptm/m/n/10 Setup the lat-tice in-for-ma-tion and put in the com-po-nent \
T1/zi4/m/n/10 LKinfo$latticeInfo 
[16]
Overfull \hbox (2.6463pt too wide) in paragraph at lines 1005--1007
[]\T1/ptm/b/n/10 LKrigLatticeCenters.MyNewIdea\T1/ptm/m/n/10 (LKinfo, Level) Re
-turns the spa-tial lo-ca-tions of the lat-tice points
[17] [18] [19] [20] [21] [22] [23] [24]
Overfull \hbox (3.49794pt too wide) in paragraph at lines 1504--1513
[]\T1/ptm/m/n/10 For LKrig these ex-tra ar-gu-ments are in-ter-preted as ap-pro
-pri-ate for the LKrigSetup
[25] [26]
Overfull \hbox (19.8877pt too wide) in paragraph at lines 1661--1669
[]\T1/ptm/m/n/10 For a sin-gle level the RBFs are cen-tered at a reg-u-lar grid
 of points and with ra-dial sup-port \T1/zi4/m/n/10 delta*overlap
[27] [28] [29] [30]
Overfull \hbox (37.54686pt too wide) in paragraph at lines 1981--1985
[]\T1/ptm/m/n/10 LatticeKrig, LKrig.sim.conditional, LKrig.MLE, mKrig, Krig, fa
stTps, Wend-land, LKrig.coef, Lkrig.lnPlike,
[31]
Underfull \vbox (badness 10000) has occurred while \output is active [32]
Underfull \vbox (badness 10000) has occurred while \output is active [33]
Underfull \vbox (badness 10000) has occurred while \output is active [34]
Underfull \vbox (badness 10000) has occurred while \output is active [35]
[36] [37] [38] [39] [40] [41] [42] [43] [44] [45] [46]
Underfull \vbox (badness 10000) has occurred while \output is active [47]
Underfull \vbox (badness 10000) has occurred while \output is active [48]
[49]
Overfull \hbox (37.40862pt too wide) in paragraph at lines 3276--3278
[]\T1/ptm/m/n/10 The en-v-iorn-ment to save to the like-li-hood eval-u-a-tion t
o the ob-ject \T1/zi4/m/n/10 capture.evaluations\T1/ptm/m/n/10 . 
[50]
Overfull \hbox (15.10759pt too wide) in paragraph at lines 3319--3330
\T1/ptm/m/n/10 columns. Thus, the kth trial has pa-ram-e-ters par.grid\$llambda
[k], par.grid\$alpha[k,]
[51] [52] [53]
Underfull \vbox (badness 10000) has occurred while \output is active [54]
Underfull \vbox (badness 10000) has occurred while \output is active [55]
Underfull \vbox (badness 10000) has occurred while \output is active [56]
[57] [58] [59] [60]
Overfull \hbox (13.8092pt too wide) in paragraph at lines 4041--4045
[]\T1/ptm/m/n/10 Finds pair-wise dis-tances within

Overfull \hbox (3.8092pt too wide) in paragraph at lines 4049--4051
[]\T1/ptm/m/n/10 Finds pair-wise dis-tances within

Overfull \hbox (2.26813pt too wide) in paragraph at lines 4049--4051
\T1/ptm/m/n/10 the ra-dius delta be-tween all lo-ca-tions \T1/zi4/m/n/10 x1 \T1
/ptm/m/n/10 and \T1/zi4/m/n/10 x2\T1/ptm/m/n/10 . Will call ei-ther \T1/zi4/m/n
/10 LKdist \T1/ptm/m/n/10 or \T1/zi4/m/n/10 LKDistComponents\T1/ptm/m/n/10 . 
[61] [62] [63] [64] [65] [66] [67] [68]
Overfull \hbox (14.05878pt too wide) in paragraph at lines 4575--4581
\T1/ptm/m/n/10 Specif-i-cally the form is VAR(g(x1))= rho*h(x1) Call-ing \T1/zi
4/m/n/10 predict(rho.object,x1)
[69] [70] [71] [72] [73] [74] [75] [76] [77]
Underfull \vbox (badness 10000) has occurred while \output is active [78]
Underfull \vbox (badness 10000) has occurred while \output is active [79]
Underfull \vbox (badness 10000) has occurred while \output is active [80]
Underfull \vbox (badness 10000) has occurred while \output is active [81]
[82] [83]
Overfull \hbox (10.83604pt too wide) in paragraph at lines 5585--5587
[]\T1/ptm/m/n/10 Euclidean dis-tance be-tween two sets of co-or-di-nates but re
-stricted to a max-i-mum dis-tance.Called

Overfull \hbox (80.70715pt too wide) in paragraph at lines 5591--5593
[]\T1/ptm/m/n/10 Same as lkdist-grid but the com-po-nent dis-tances are found f
or each co-or-di-nate.\T1/zi4/m/n/10 LKDistGridComponents 
[84]
Overfull \hbox (0.34082pt too wide) in paragraph at lines 5602--5605
[][]$\T1/zi4/m/n/10 http : / / r . 789695 . n4 . nabble . com / Registration-[]
of-[]native-[]routines-[]td4728874 . html$[][] \T1/ptm/m/n/10 for
[85]
Overfull \hbox (3.74974pt too wide) in paragraph at lines 5741--5746
[]\T1/ptm/m/n/10 They each have the four spe-cific meth-ods: \T1/zi4/m/n/10 LKr
igLatticeCenters\T1/ptm/m/n/10 , \T1/zi4/m/n/10 LKrigSAR\T1/ptm/m/n/10 , \T1/zi
4/m/n/10 LKrigSetupLattice\T1/ptm/m/n/10 ,
[86]
Overfull \hbox (24.83768pt too wide) in paragraph at lines 5786--5789
\T1/ptm/m/n/10 for any field that is lin-ear in the tan-gent plane to the node.
 Specif-i-cally in the func-tion \T1/zi4/m/n/10 LKrigSAR.LKSphere
[87] [88]
Overfull \hbox (15.73795pt too wide) in paragraph at lines 5895--5895
 []\T1/zi4/m/n/9 # Use two levels starting at the second genertation of lattice
 points from the triangularization[] 

Underfull \vbox (badness 10000) has occurred while \output is active [89]
(./Rd2.ind [90]

LaTeX Font Warning: Font shape `T1/zi4/m/it' undefined
(Font)              using `T1/zi4/m/n' instead on input line 40.

[91]
Overfull \hbox (30.8567pt too wide) in paragraph at lines 194--196
[]\T1/zi4/m/it/10 LKrigDistance,matrix,gridList,numeric-method 

Overfull \hbox (20.8567pt too wide) in paragraph at lines 196--198
[]\T1/zi4/m/it/10 LKrigDistance,matrix,matrix,numeric-method 
[92] [93]) (./Rd2.aux)

LaTeX Font Warning: Some font shapes were not available, defaults substituted.

 )
(see the transcript file for additional information)pdfTeX warning (dest): name
{Rfn.NativeSymbolInfo} has been referenced but does not exist, replaced by a fi
xed one

pdfTeX warning (dest): name{Rfn.spind2full} has been referenced but does not ex
ist, replaced by a fixed one

pdfTeX warning (dest): name{Rfn.spind2spam} has been referenced but does not ex
ist, replaced by a fixed one

{/usr/local/texlive/2018/texmf-dist/fonts/enc/dvips/inconsolata/i4-ts1.enc}{/us
r/local/texlive/2018/texmf-dist/fonts/enc/dvips/base/8r.enc}{/usr/local/texlive
/2018/texmf-dist/fonts/enc/dvips/inconsolata/i4-t1-0.enc}</usr/local/texlive/20
18/texmf-dist/fonts/type1/public/inconsolata/Inconsolata-zi4r.pfb></usr/local/t
exlive/2018/texmf-dist/fonts/type1/public/amsfonts/cm/cmex10.pfb></usr/local/te
xlive/2018/texmf-dist/fonts/type1/public/amsfonts/cm/cmmi10.pfb></usr/local/tex
live/2018/texmf-dist/fonts/type1/public/amsfonts/cm/cmmi7.pfb></usr/local/texli
ve/2018/texmf-dist/fonts/type1/public/amsfonts/cm/cmr10.pfb></usr/local/texlive
/2018/texmf-dist/fonts/type1/public/amsfonts/cm/cmr7.pfb></usr/local/texlive/20
18/texmf-dist/fonts/type1/public/amsfonts/cm/cmsy10.pfb></usr/local/texlive/201
8/texmf-dist/fonts/type1/urw/helvetic/uhvr8a.pfb></usr/local/texlive/2018/texmf
-dist/fonts/type1/urw/times/utmb8a.pfb></usr/local/texlive/2018/texmf-dist/font
s/type1/urw/times/utmr8a.pfb></usr/local/texlive/2018/texmf-dist/fonts/type1/ur
w/times/utmr8a.pfb></usr/local/texlive/2018/texmf-dist/fonts/type1/urw/times/ut
mri8a.pfb>
Output written on Rd2.pdf (93 pages, 359637 bytes).
Transcript written on Rd2.log.
Saving output to ‘LatticeKrig-manual.pdf’ ...
Done
You may want to clean up by 'rm -Rf /var/folders/xv/qglvkhrs30ndqsdc0__sx9lc0000gn/T//Rtmp5hj59C/Rd2pdf8c2c133e32f5'
