* using log directory ‘/Users/nychka/Home/Src/LatticeKrig.Rcheck’
* using R version 3.1.0 (2014-04-10)
* using platform: x86_64-apple-darwin10.8.0 (64-bit)
* using session charset: UTF-8
* checking for file ‘LatticeKrig/DESCRIPTION’ ... OK
* this is package ‘LatticeKrig’ version ‘3.2’
* checking package namespace information ... OK
* checking package dependencies ... OK
* checking if this is a source package ... WARNING
Subdirectory ‘LatticeKrig/src’ contains apparent object files/libraries
  LatticeKrig.so dfind2d.o findNorm.o multBasis.o
Object files/libraries should not be included in a source package.
* checking if there is a namespace ... OK
* checking for executable files ... OK
* checking for hidden files and directories ... NOTE
Found the following hidden files and directories:
  .DS_Store
These were most likely included in error. See section ‘Package
structure’ in the ‘Writing R Extensions’ manual.
* checking for portable file names ... OK
* checking for sufficient/correct file permissions ... OK
* checking whether package ‘LatticeKrig’ can be installed ... OK
* checking installed package size ... OK
* checking package directory ... OK
* checking DESCRIPTION meta-information ... OK
* checking top-level files ... OK
* checking for left-over files ... OK
* checking index information ... OK
* checking package subdirectories ... OK
* checking R files for non-ASCII characters ... OK
* checking R files for syntax errors ... OK
* checking whether the package can be loaded ... OK
* checking whether the package can be loaded with stated dependencies ... OK
* checking whether the package can be unloaded cleanly ... OK
* checking whether the namespace can be loaded with stated dependencies ... OK
* checking whether the namespace can be unloaded cleanly ... OK
* checking loading without being on the library search path ... OK
* checking dependencies in R code ... OK
* checking S3 generic/method consistency ... OK
* checking replacement functions ... OK
* checking foreign function calls ... OK
* checking R code for possible problems ... OK
* checking Rd files ... OK
* checking Rd metadata ... OK
* checking Rd cross-references ... OK
* checking for missing documentation entries ... WARNING
Undocumented code objects:
  ‘LKrig.normalize.basis.slow’
All user-level objects in a package should have documentation entries.
See the chapter ‘Writing R documentation files’ in the ‘Writing R
Extensions’ manual.
* checking for code/documentation mismatches ... OK
* checking Rd \usage sections ... OK
* checking Rd contents ... OK
* checking for unstated dependencies in examples ... OK
* checking line endings in C/C++/Fortran sources/headers ... OK
* checking line endings in Makefiles ... OK
* checking for portable use of $(BLAS_LIBS) and $(LAPACK_LIBS) ... OK
* checking compiled code ... OK
* checking examples ... OK
* checking for unstated dependencies in tests ... OK
* checking tests ... OK
  Running ‘LKrig.FindNorm.test.R’
  Running ‘LKrig.basis.test.R’
  Comparing ‘LKrig.basis.test.Rout’ to ‘LKrig.basis.test.Rout.save’ ...3c3
< > # LatticeKrig
---
> > # fields, Tools for spatial data
  Running ‘LKrig.lnPLike.test.R’
  Comparing ‘LKrig.lnPLike.test.Rout’ to ‘LKrig.lnPLike.test.Rout.save’ ...3c3
< > # LatticeKrig
---
> > # fields, Tools for spatial data
  Running ‘LKrig.nullspace.test.R’
  Running ‘LKrig.precision.test.R’
  Comparing ‘LKrig.precision.test.Rout’ to ‘LKrig.precision.test.Rout.save’ ...4c4
< > # LatticeKrig
---
> > # fields, Tools for spatial data
  Running ‘LKrig.se.test.R’
  Comparing ‘LKrig.se.test.Rout’ to ‘LKrig.se.test.Rout.save’ ...3c3
< > # LatticeKrig
---
> > # fields, Tools for spatial data
  Running ‘LKrig.test.R’
  Comparing ‘LKrig.test.Rout’ to ‘LKrig.test.Rout.save’ ...3c3
< > # LatticeKrig
---
> > # fields, Tools for spatial data
* checking PDF version of manual ... OK
WARNING: There were 2 warnings.
NOTE: There was 1 note.
