Hmm ... looks like a package

This is pdfTeX, Version 3.1415926-2.3-1.40.12 (TeX Live 2011)
 restricted \write18 enabled.
entering extended mode
(/private/tmp/RtmpUZbwDK/Rd2pdf38467e3793d/Rd2.tex
LaTeX2e <2011/06/27>
Babel <v3.8m> and hyphenation patterns for english, dumylang, nohyphenation, ge
rman-x-2011-07-01, ngerman-x-2011-07-01, afrikaans, ancientgreek, ibycus, arabi
c, armenian, basque, bulgarian, catalan, pinyin, coptic, croatian, czech, danis
h, dutch, ukenglish, usenglishmax, esperanto, estonian, ethiopic, farsi, finnis
h, french, galician, german, ngerman, swissgerman, monogreek, greek, hungarian,
 icelandic, assamese, bengali, gujarati, hindi, kannada, malayalam, marathi, or
iya, panjabi, tamil, telugu, indonesian, interlingua, irish, italian, kurmanji,
 lao, latin, latvian, lithuanian, mongolian, mongolianlmc, bokmal, nynorsk, pol
ish, portuguese, romanian, russian, sanskrit, serbian, serbianc, slovak, sloven
ian, spanish, swedish, turkish, turkmen, ukrainian, uppersorbian, welsh, loaded
.

(/usr/local/texlive/2011/texmf-dist/tex/latex/base/book.cls
Document Class: book 2007/10/19 v1.4h Standard LaTeX document class
(/usr/local/texlive/2011/texmf-dist/tex/latex/base/bk10.clo))
(/Library/Frameworks/R.framework/Resources/share/texmf/tex/latex/Rd.sty
(/usr/local/texlive/2011/texmf-dist/tex/latex/base/ifthen.sty)
(/usr/local/texlive/2011/texmf-dist/tex/latex/tools/longtable.sty)
(/usr/local/texlive/2011/texmf-dist/tex/latex/tools/bm.sty)
(/usr/local/texlive/2011/texmf-dist/tex/latex/base/alltt.sty)
(/usr/local/texlive/2011/texmf-dist/tex/latex/tools/verbatim.sty)
(/usr/local/texlive/2011/texmf-dist/tex/latex/url/url.sty)
(/usr/local/texlive/2011/texmf-dist/tex/latex/base/textcomp.sty
(/usr/local/texlive/2011/texmf-dist/tex/latex/base/ts1enc.def))
(/usr/local/texlive/2011/texmf-dist/tex/latex/base/fontenc.sty
(/usr/local/texlive/2011/texmf-dist/tex/latex/base/t1enc.def))
(/usr/local/texlive/2011/texmf-dist/tex/latex/psnfss/times.sty)
(/usr/local/texlive/2011/texmf-dist/tex/latex/inconsolata/inconsolata.sty
(/usr/local/texlive/2011/texmf-dist/tex/latex/graphics/keyval.sty))
(/usr/local/texlive/2011/texmf-dist/tex/latex/graphics/color.sty
(/usr/local/texlive/2011/texmf-dist/tex/latex/latexconfig/color.cfg)
(/usr/local/texlive/2011/texmf-dist/tex/latex/pdftex-def/pdftex.def
(/usr/local/texlive/2011/texmf-dist/tex/generic/oberdiek/infwarerr.sty)
(/usr/local/texlive/2011/texmf-dist/tex/generic/oberdiek/ltxcmds.sty)))
(/usr/local/texlive/2011/texmf-dist/tex/latex/hyperref/hyperref.sty
(/usr/local/texlive/2011/texmf-dist/tex/generic/oberdiek/hobsub-hyperref.sty
(/usr/local/texlive/2011/texmf-dist/tex/generic/oberdiek/hobsub-generic.sty))
(/usr/local/texlive/2011/texmf-dist/tex/generic/ifxetex/ifxetex.sty)
(/usr/local/texlive/2011/texmf-dist/tex/latex/oberdiek/kvoptions.sty)
(/usr/local/texlive/2011/texmf-dist/tex/latex/hyperref/pd1enc.def)
(/usr/local/texlive/2011/texmf-dist/tex/latex/latexconfig/hyperref.cfg))

Package hyperref Message: Driver (autodetected): hpdftex.

(/usr/local/texlive/2011/texmf-dist/tex/latex/hyperref/hpdftex.def
(/usr/local/texlive/2011/texmf-dist/tex/latex/oberdiek/rerunfilecheck.sty))

Package hyperref Warning: Option `hyperindex' has already been used,
(hyperref)                setting the option has no effect on input line 361.


Package hyperref Warning: Option `pagebackref' has already been used,
(hyperref)                setting the option has no effect on input line 361.

) (/usr/local/texlive/2011/texmf-dist/tex/latex/base/makeidx.sty)
(/usr/local/texlive/2011/texmf-dist/tex/latex/base/inputenc.sty
(/usr/local/texlive/2011/texmf-dist/tex/latex/base/utf8.def
(/usr/local/texlive/2011/texmf-dist/tex/latex/base/t1enc.dfu)
(/usr/local/texlive/2011/texmf-dist/tex/latex/base/ot1enc.dfu)
(/usr/local/texlive/2011/texmf-dist/tex/latex/base/omsenc.dfu)
(/usr/local/texlive/2011/texmf-dist/tex/latex/base/ts1enc.dfu))
(/usr/local/texlive/2011/texmf-dist/tex/latex/base/latin1.def))
Writing index file Rd2.idx
No file Rd2.aux.
(/usr/local/texlive/2011/texmf-dist/tex/latex/base/ts1cmr.fd)
(/usr/local/texlive/2011/texmf-dist/tex/latex/psnfss/t1ptm.fd)
(/usr/local/texlive/2011/texmf-dist/tex/context/base/supp-pdf.mkii
[Loading MPS to PDF converter (version 2006.09.02).]
) (/usr/local/texlive/2011/texmf-dist/tex/latex/hyperref/nameref.sty
(/usr/local/texlive/2011/texmf-dist/tex/generic/oberdiek/gettitlestring.sty))
(/usr/local/texlive/2011/texmf-dist/tex/latex/inconsolata/t1fi4.fd)
(/usr/local/texlive/2011/texmf-dist/tex/latex/psnfss/ts1ptm.fd)
(/usr/local/texlive/2011/texmf-dist/tex/latex/psnfss/t1phv.fd)
(/usr/local/texlive/2011/texmf-dist/tex/latex/base/utf8.def) [1{/usr/local/texl
ive/2011/texmf-var/fonts/map/pdftex/updmap/pdftex.map}] [2] [3]
(/usr/local/texlive/2011/texmf-dist/tex/latex/base/utf8.def) [4] [5]
Overfull \hbox (46.74788pt too wide) in paragraph at lines 328--335
[]\T1/ptm/m/n/10 A log-i-cal vec-tor of length num-ber of mul-tires-o-lu-tion l
ev-els. If \T1/fi4/m/n/10 normalize.level[i]==TRUE
[6] [7] (/usr/local/texlive/2011/texmf-dist/tex/latex/inconsolata/ts1fi4.fd)
(/usr/local/texlive/2011/texmf-dist/tex/latex/base/utf8.def) [8] [9]
Overfull \hbox (12.86871pt too wide) in paragraph at lines 619--624
[]\T1/ptm/m/n/10 The ra-tio of the nugget vari-ance (called sigma squared in \T
1/fi4/m/n/10 fields \T1/ptm/m/n/10 and \T1/fi4/m/n/10 LatticeKrig\T1/ptm/m/n/10
 )

Overfull \hbox (57.79955pt too wide) in paragraph at lines 619--624
\T1/fi4/m/n/10 fields \T1/ptm/m/n/10 and \T1/fi4/m/n/10 LatticeKrig\T1/ptm/m/n/
10 ). If sigma and rho are both spec-i-fied then \T1/fi4/m/n/10 lambda == sigma
^2/rho\T1/ptm/m/n/10 . 

Overfull \hbox (48.03876pt too wide) in paragraph at lines 688--693
\T1/ptm/m/n/10 vari-ance of the pro-cess. The ob-ject should be such that the c
ode \T1/fi4/m/n/10 predict(rho.object, x1)
[10] [11]
Overfull \hbox (19.8877pt too wide) in paragraph at lines 836--844
[]\T1/ptm/m/n/10 For a sin-gle level the RBFs are cen-tered at a reg-u-lar grid
 of points and with ra-dial sup-port \T1/fi4/m/n/10 delta*overlap
[12] [13] [14]
Overfull \hbox (77.98825pt too wide) in paragraph at lines 1071--1074
[]\T1/fi4/m/n/10 LKrig\T1/ptm/b/n/10 :  \T1/ptm/m/n/10 Find spa-tial pro-cess e
s-ti-mate for fixed co-vari-ance speci-ficed by  \T1/fi4/m/n/10 nlevel, alpha, 
a.wght, NC, and lambda
[15] [16]
Underfull \vbox (badness 10000) has occurred while \output is active [17]
Underfull \vbox (badness 10000) has occurred while \output is active [18]
Underfull \vbox (badness 10000) has occurred while \output is active [19]
(/usr/local/texlive/2011/texmf-dist/tex/latex/base/utf8.def) [20] [21]
(/usr/local/texlive/2011/texmf-dist/tex/latex/base/utf8.def) [22] [23]
(/usr/local/texlive/2011/texmf-dist/tex/latex/base/utf8.def) [24] [25] [26]
[27] [28]
Underfull \vbox (badness 10000) has occurred while \output is active [29]
Underfull \vbox (badness 10000) has occurred while \output is active [30]
Underfull \vbox (badness 10000) has occurred while \output is active [31]
(/usr/local/texlive/2011/texmf-dist/tex/latex/base/utf8.def)
Overfull \hbox (15.10759pt too wide) in paragraph at lines 2252--2263
\T1/ptm/m/n/10 columns. Thus, the kth trial has pa-ram-e-ters par.grid\$llambda
[k], par.grid\$alpha[k,]
[32] [33] [34] [35]
Underfull \vbox (badness 10000) has occurred while \output is active [36]
(/usr/local/texlive/2011/texmf-dist/tex/latex/base/utf8.def) [37] [38] [39]
(/usr/local/texlive/2011/texmf-dist/tex/latex/base/utf8.def) [40]
(/usr/local/texlive/2011/texmf-dist/tex/latex/base/utf8.def) [41]
No file Rd2.ind.
[42] (./Rd2.aux)

Package rerunfilecheck Warning: File `Rd2.out' has changed.
(rerunfilecheck)                Rerun to get outlines right
(rerunfilecheck)                or use package `bookmark'.

 )
(see the transcript file for additional information){/usr/local/texlive/2011/te
xmf-dist/fonts/enc/dvips/base/8r.enc}{/usr/local/texlive/2011/texmf-dist/fonts/
enc/dvips/inconsolata/fi4-ec.enc}</usr/local/texlive/2011/texmf-dist/fonts/type
1/public/inconsolata/Inconsolata.pfb></usr/local/texlive/2011/texmf-dist/fonts/
type1/urw/helvetic/uhvr8a.pfb></usr/local/texlive/2011/texmf-dist/fonts/type1/u
rw/times/utmb8a.pfb></usr/local/texlive/2011/texmf-dist/fonts/type1/urw/times/u
tmr8a.pfb></usr/local/texlive/2011/texmf-dist/fonts/type1/urw/times/utmr8a.pfb>
</usr/local/texlive/2011/texmf-dist/fonts/type1/urw/times/utmri8a.pfb>
Output written on Rd2.pdf (42 pages, 170447 bytes).
Transcript written on Rd2.log.
This is makeindex, version 2.15 [TeX Live 2011] (kpathsea + Thai support).
Scanning input file ./Rd2.idx....done (61 entries accepted, 0 rejected).
Sorting entries....done (391 comparisons).
Generating output file ./Rd2.ind....done (129 lines written, 0 warnings).
Output written in ./Rd2.ind.
Transcript written in ./Rd2.ilg.
This is pdfTeX, Version 3.1415926-2.3-1.40.12 (TeX Live 2011)
 restricted \write18 enabled.
entering extended mode
(/private/tmp/RtmpUZbwDK/Rd2pdf38467e3793d/Rd2.tex
LaTeX2e <2011/06/27>
Babel <v3.8m> and hyphenation patterns for english, dumylang, nohyphenation, ge
rman-x-2011-07-01, ngerman-x-2011-07-01, afrikaans, ancientgreek, ibycus, arabi
c, armenian, basque, bulgarian, catalan, pinyin, coptic, croatian, czech, danis
h, dutch, ukenglish, usenglishmax, esperanto, estonian, ethiopic, farsi, finnis
h, french, galician, german, ngerman, swissgerman, monogreek, greek, hungarian,
 icelandic, assamese, bengali, gujarati, hindi, kannada, malayalam, marathi, or
iya, panjabi, tamil, telugu, indonesian, interlingua, irish, italian, kurmanji,
 lao, latin, latvian, lithuanian, mongolian, mongolianlmc, bokmal, nynorsk, pol
ish, portuguese, romanian, russian, sanskrit, serbian, serbianc, slovak, sloven
ian, spanish, swedish, turkish, turkmen, ukrainian, uppersorbian, welsh, loaded
.

(/usr/local/texlive/2011/texmf-dist/tex/latex/base/book.cls
Document Class: book 2007/10/19 v1.4h Standard LaTeX document class
(/usr/local/texlive/2011/texmf-dist/tex/latex/base/bk10.clo))
(/Library/Frameworks/R.framework/Resources/share/texmf/tex/latex/Rd.sty
(/usr/local/texlive/2011/texmf-dist/tex/latex/base/ifthen.sty)
(/usr/local/texlive/2011/texmf-dist/tex/latex/tools/longtable.sty)
(/usr/local/texlive/2011/texmf-dist/tex/latex/tools/bm.sty)
(/usr/local/texlive/2011/texmf-dist/tex/latex/base/alltt.sty)
(/usr/local/texlive/2011/texmf-dist/tex/latex/tools/verbatim.sty)
(/usr/local/texlive/2011/texmf-dist/tex/latex/url/url.sty)
(/usr/local/texlive/2011/texmf-dist/tex/latex/base/textcomp.sty
(/usr/local/texlive/2011/texmf-dist/tex/latex/base/ts1enc.def))
(/usr/local/texlive/2011/texmf-dist/tex/latex/base/fontenc.sty
(/usr/local/texlive/2011/texmf-dist/tex/latex/base/t1enc.def))
(/usr/local/texlive/2011/texmf-dist/tex/latex/psnfss/times.sty)
(/usr/local/texlive/2011/texmf-dist/tex/latex/inconsolata/inconsolata.sty
(/usr/local/texlive/2011/texmf-dist/tex/latex/graphics/keyval.sty))
(/usr/local/texlive/2011/texmf-dist/tex/latex/graphics/color.sty
(/usr/local/texlive/2011/texmf-dist/tex/latex/latexconfig/color.cfg)
(/usr/local/texlive/2011/texmf-dist/tex/latex/pdftex-def/pdftex.def
(/usr/local/texlive/2011/texmf-dist/tex/generic/oberdiek/infwarerr.sty)
(/usr/local/texlive/2011/texmf-dist/tex/generic/oberdiek/ltxcmds.sty)))
(/usr/local/texlive/2011/texmf-dist/tex/latex/hyperref/hyperref.sty
(/usr/local/texlive/2011/texmf-dist/tex/generic/oberdiek/hobsub-hyperref.sty
(/usr/local/texlive/2011/texmf-dist/tex/generic/oberdiek/hobsub-generic.sty))
(/usr/local/texlive/2011/texmf-dist/tex/generic/ifxetex/ifxetex.sty)
(/usr/local/texlive/2011/texmf-dist/tex/latex/oberdiek/kvoptions.sty)
(/usr/local/texlive/2011/texmf-dist/tex/latex/hyperref/pd1enc.def)
(/usr/local/texlive/2011/texmf-dist/tex/latex/latexconfig/hyperref.cfg))

Package hyperref Message: Driver (autodetected): hpdftex.

(/usr/local/texlive/2011/texmf-dist/tex/latex/hyperref/hpdftex.def
(/usr/local/texlive/2011/texmf-dist/tex/latex/oberdiek/rerunfilecheck.sty))

Package hyperref Warning: Option `hyperindex' has already been used,
(hyperref)                setting the option has no effect on input line 361.


Package hyperref Warning: Option `pagebackref' has already been used,
(hyperref)                setting the option has no effect on input line 361.

) (/usr/local/texlive/2011/texmf-dist/tex/latex/base/makeidx.sty)
(/usr/local/texlive/2011/texmf-dist/tex/latex/base/inputenc.sty
(/usr/local/texlive/2011/texmf-dist/tex/latex/base/utf8.def
(/usr/local/texlive/2011/texmf-dist/tex/latex/base/t1enc.dfu)
(/usr/local/texlive/2011/texmf-dist/tex/latex/base/ot1enc.dfu)
(/usr/local/texlive/2011/texmf-dist/tex/latex/base/omsenc.dfu)
(/usr/local/texlive/2011/texmf-dist/tex/latex/base/ts1enc.dfu))
(/usr/local/texlive/2011/texmf-dist/tex/latex/base/latin1.def))
Writing index file Rd2.idx
(./Rd2.aux) (/usr/local/texlive/2011/texmf-dist/tex/latex/base/ts1cmr.fd)
(/usr/local/texlive/2011/texmf-dist/tex/latex/psnfss/t1ptm.fd)
(/usr/local/texlive/2011/texmf-dist/tex/context/base/supp-pdf.mkii
[Loading MPS to PDF converter (version 2006.09.02).]
) (/usr/local/texlive/2011/texmf-dist/tex/latex/hyperref/nameref.sty
(/usr/local/texlive/2011/texmf-dist/tex/generic/oberdiek/gettitlestring.sty))
(./Rd2.out) (./Rd2.out)
(/usr/local/texlive/2011/texmf-dist/tex/latex/inconsolata/t1fi4.fd)
(/usr/local/texlive/2011/texmf-dist/tex/latex/psnfss/ts1ptm.fd)
(/usr/local/texlive/2011/texmf-dist/tex/latex/psnfss/t1phv.fd) (./Rd2.toc
[1{/usr/local/texlive/2011/texmf-var/fonts/map/pdftex/updmap/pdftex.map}])
(/usr/local/texlive/2011/texmf-dist/tex/latex/base/utf8.def) [2] [3]
(/usr/local/texlive/2011/texmf-dist/tex/latex/base/utf8.def) [4] [5]
Overfull \hbox (46.74788pt too wide) in paragraph at lines 328--335
[]\T1/ptm/m/n/10 A log-i-cal vec-tor of length num-ber of mul-tires-o-lu-tion l
ev-els. If \T1/fi4/m/n/10 normalize.level[i]==TRUE
[6] [7] (/usr/local/texlive/2011/texmf-dist/tex/latex/inconsolata/ts1fi4.fd)
(/usr/local/texlive/2011/texmf-dist/tex/latex/base/utf8.def) [8] [9]
Overfull \hbox (12.86871pt too wide) in paragraph at lines 619--624
[]\T1/ptm/m/n/10 The ra-tio of the nugget vari-ance (called sigma squared in \T
1/fi4/m/n/10 fields \T1/ptm/m/n/10 and \T1/fi4/m/n/10 LatticeKrig\T1/ptm/m/n/10
 )

Overfull \hbox (57.79955pt too wide) in paragraph at lines 619--624
\T1/fi4/m/n/10 fields \T1/ptm/m/n/10 and \T1/fi4/m/n/10 LatticeKrig\T1/ptm/m/n/
10 ). If sigma and rho are both spec-i-fied then \T1/fi4/m/n/10 lambda == sigma
^2/rho\T1/ptm/m/n/10 . 

Overfull \hbox (48.03876pt too wide) in paragraph at lines 688--693
\T1/ptm/m/n/10 vari-ance of the pro-cess. The ob-ject should be such that the c
ode \T1/fi4/m/n/10 predict(rho.object, x1)
[10] [11]
Overfull \hbox (19.8877pt too wide) in paragraph at lines 836--844
[]\T1/ptm/m/n/10 For a sin-gle level the RBFs are cen-tered at a reg-u-lar grid
 of points and with ra-dial sup-port \T1/fi4/m/n/10 delta*overlap
[12] [13] [14]
Overfull \hbox (77.98825pt too wide) in paragraph at lines 1071--1074
[]\T1/fi4/m/n/10 LKrig\T1/ptm/b/n/10 :  \T1/ptm/m/n/10 Find spa-tial pro-cess e
s-ti-mate for fixed co-vari-ance speci-ficed by  \T1/fi4/m/n/10 nlevel, alpha, 
a.wght, NC, and lambda
[15] [16]
Underfull \vbox (badness 10000) has occurred while \output is active [17]
Underfull \vbox (badness 10000) has occurred while \output is active [18]
Underfull \vbox (badness 10000) has occurred while \output is active [19]
(/usr/local/texlive/2011/texmf-dist/tex/latex/base/utf8.def) [20] [21]
(/usr/local/texlive/2011/texmf-dist/tex/latex/base/utf8.def) [22] [23]
(/usr/local/texlive/2011/texmf-dist/tex/latex/base/utf8.def) [24] [25] [26]
[27] [28]
Underfull \vbox (badness 10000) has occurred while \output is active [29]
Underfull \vbox (badness 10000) has occurred while \output is active [30]
Underfull \vbox (badness 10000) has occurred while \output is active [31]
(/usr/local/texlive/2011/texmf-dist/tex/latex/base/utf8.def)
Overfull \hbox (15.10759pt too wide) in paragraph at lines 2252--2263
\T1/ptm/m/n/10 columns. Thus, the kth trial has pa-ram-e-ters par.grid\$llambda
[k], par.grid\$alpha[k,]
[32] [33] [34] [35]
Underfull \vbox (badness 10000) has occurred while \output is active [36]
(/usr/local/texlive/2011/texmf-dist/tex/latex/base/utf8.def) [37] [38] [39]
(/usr/local/texlive/2011/texmf-dist/tex/latex/base/utf8.def) [40]
(/usr/local/texlive/2011/texmf-dist/tex/latex/base/utf8.def) [41] (./Rd2.ind
[42]

LaTeX Font Warning: Font shape `T1/fi4/m/it' undefined
(Font)              using `T1/fi4/m/n' instead on input line 18.

[43]) (./Rd2.aux)

Package rerunfilecheck Warning: File `Rd2.out' has changed.
(rerunfilecheck)                Rerun to get outlines right
(rerunfilecheck)                or use package `bookmark'.


LaTeX Font Warning: Some font shapes were not available, defaults substituted.

 )
(see the transcript file for additional information){/usr/local/texlive/2011/te
xmf-dist/fonts/enc/dvips/base/8r.enc}{/usr/local/texlive/2011/texmf-dist/fonts/
enc/dvips/inconsolata/fi4-ec.enc}</usr/local/texlive/2011/texmf-dist/fonts/type
1/public/inconsolata/Inconsolata.pfb></usr/local/texlive/2011/texmf-dist/fonts/
type1/public/amsfonts/cm/cmsy10.pfb></usr/local/texlive/2011/texmf-dist/fonts/t
ype1/urw/helvetic/uhvr8a.pfb></usr/local/texlive/2011/texmf-dist/fonts/type1/ur
w/times/utmb8a.pfb></usr/local/texlive/2011/texmf-dist/fonts/type1/urw/times/ut
mr8a.pfb></usr/local/texlive/2011/texmf-dist/fonts/type1/urw/times/utmr8a.pfb><
/usr/local/texlive/2011/texmf-dist/fonts/type1/urw/times/utmri8a.pfb>
Output written on Rd2.pdf (43 pages, 183180 bytes).
Transcript written on Rd2.log.
This is makeindex, version 2.15 [TeX Live 2011] (kpathsea + Thai support).
Scanning input file ./Rd2.idx....done (61 entries accepted, 0 rejected).
Sorting entries....done (391 comparisons).
Generating output file ./Rd2.ind....done (129 lines written, 0 warnings).
Output written in ./Rd2.ind.
Transcript written in ./Rd2.ilg.
This is pdfTeX, Version 3.1415926-2.3-1.40.12 (TeX Live 2011)
 restricted \write18 enabled.
entering extended mode
(/private/tmp/RtmpUZbwDK/Rd2pdf38467e3793d/Rd2.tex
LaTeX2e <2011/06/27>
Babel <v3.8m> and hyphenation patterns for english, dumylang, nohyphenation, ge
rman-x-2011-07-01, ngerman-x-2011-07-01, afrikaans, ancientgreek, ibycus, arabi
c, armenian, basque, bulgarian, catalan, pinyin, coptic, croatian, czech, danis
h, dutch, ukenglish, usenglishmax, esperanto, estonian, ethiopic, farsi, finnis
h, french, galician, german, ngerman, swissgerman, monogreek, greek, hungarian,
 icelandic, assamese, bengali, gujarati, hindi, kannada, malayalam, marathi, or
iya, panjabi, tamil, telugu, indonesian, interlingua, irish, italian, kurmanji,
 lao, latin, latvian, lithuanian, mongolian, mongolianlmc, bokmal, nynorsk, pol
ish, portuguese, romanian, russian, sanskrit, serbian, serbianc, slovak, sloven
ian, spanish, swedish, turkish, turkmen, ukrainian, uppersorbian, welsh, loaded
.

(/usr/local/texlive/2011/texmf-dist/tex/latex/base/book.cls
Document Class: book 2007/10/19 v1.4h Standard LaTeX document class
(/usr/local/texlive/2011/texmf-dist/tex/latex/base/bk10.clo))
(/Library/Frameworks/R.framework/Resources/share/texmf/tex/latex/Rd.sty
(/usr/local/texlive/2011/texmf-dist/tex/latex/base/ifthen.sty)
(/usr/local/texlive/2011/texmf-dist/tex/latex/tools/longtable.sty)
(/usr/local/texlive/2011/texmf-dist/tex/latex/tools/bm.sty)
(/usr/local/texlive/2011/texmf-dist/tex/latex/base/alltt.sty)
(/usr/local/texlive/2011/texmf-dist/tex/latex/tools/verbatim.sty)
(/usr/local/texlive/2011/texmf-dist/tex/latex/url/url.sty)
(/usr/local/texlive/2011/texmf-dist/tex/latex/base/textcomp.sty
(/usr/local/texlive/2011/texmf-dist/tex/latex/base/ts1enc.def))
(/usr/local/texlive/2011/texmf-dist/tex/latex/base/fontenc.sty
(/usr/local/texlive/2011/texmf-dist/tex/latex/base/t1enc.def))
(/usr/local/texlive/2011/texmf-dist/tex/latex/psnfss/times.sty)
(/usr/local/texlive/2011/texmf-dist/tex/latex/inconsolata/inconsolata.sty
(/usr/local/texlive/2011/texmf-dist/tex/latex/graphics/keyval.sty))
(/usr/local/texlive/2011/texmf-dist/tex/latex/graphics/color.sty
(/usr/local/texlive/2011/texmf-dist/tex/latex/latexconfig/color.cfg)
(/usr/local/texlive/2011/texmf-dist/tex/latex/pdftex-def/pdftex.def
(/usr/local/texlive/2011/texmf-dist/tex/generic/oberdiek/infwarerr.sty)
(/usr/local/texlive/2011/texmf-dist/tex/generic/oberdiek/ltxcmds.sty)))
(/usr/local/texlive/2011/texmf-dist/tex/latex/hyperref/hyperref.sty
(/usr/local/texlive/2011/texmf-dist/tex/generic/oberdiek/hobsub-hyperref.sty
(/usr/local/texlive/2011/texmf-dist/tex/generic/oberdiek/hobsub-generic.sty))
(/usr/local/texlive/2011/texmf-dist/tex/generic/ifxetex/ifxetex.sty)
(/usr/local/texlive/2011/texmf-dist/tex/latex/oberdiek/kvoptions.sty)
(/usr/local/texlive/2011/texmf-dist/tex/latex/hyperref/pd1enc.def)
(/usr/local/texlive/2011/texmf-dist/tex/latex/latexconfig/hyperref.cfg))

Package hyperref Message: Driver (autodetected): hpdftex.

(/usr/local/texlive/2011/texmf-dist/tex/latex/hyperref/hpdftex.def
(/usr/local/texlive/2011/texmf-dist/tex/latex/oberdiek/rerunfilecheck.sty))

Package hyperref Warning: Option `hyperindex' has already been used,
(hyperref)                setting the option has no effect on input line 361.


Package hyperref Warning: Option `pagebackref' has already been used,
(hyperref)                setting the option has no effect on input line 361.

) (/usr/local/texlive/2011/texmf-dist/tex/latex/base/makeidx.sty)
(/usr/local/texlive/2011/texmf-dist/tex/latex/base/inputenc.sty
(/usr/local/texlive/2011/texmf-dist/tex/latex/base/utf8.def
(/usr/local/texlive/2011/texmf-dist/tex/latex/base/t1enc.dfu)
(/usr/local/texlive/2011/texmf-dist/tex/latex/base/ot1enc.dfu)
(/usr/local/texlive/2011/texmf-dist/tex/latex/base/omsenc.dfu)
(/usr/local/texlive/2011/texmf-dist/tex/latex/base/ts1enc.dfu))
(/usr/local/texlive/2011/texmf-dist/tex/latex/base/latin1.def))
Writing index file Rd2.idx
(./Rd2.aux) (/usr/local/texlive/2011/texmf-dist/tex/latex/base/ts1cmr.fd)
(/usr/local/texlive/2011/texmf-dist/tex/latex/psnfss/t1ptm.fd)
(/usr/local/texlive/2011/texmf-dist/tex/context/base/supp-pdf.mkii
[Loading MPS to PDF converter (version 2006.09.02).]
) (/usr/local/texlive/2011/texmf-dist/tex/latex/hyperref/nameref.sty
(/usr/local/texlive/2011/texmf-dist/tex/generic/oberdiek/gettitlestring.sty))
(./Rd2.out) (./Rd2.out)
(/usr/local/texlive/2011/texmf-dist/tex/latex/inconsolata/t1fi4.fd)
(/usr/local/texlive/2011/texmf-dist/tex/latex/psnfss/ts1ptm.fd)
(/usr/local/texlive/2011/texmf-dist/tex/latex/psnfss/t1phv.fd) (./Rd2.toc
[1{/usr/local/texlive/2011/texmf-var/fonts/map/pdftex/updmap/pdftex.map}])
(/usr/local/texlive/2011/texmf-dist/tex/latex/base/utf8.def) [2] [3]
(/usr/local/texlive/2011/texmf-dist/tex/latex/base/utf8.def) [4] [5]
Overfull \hbox (46.74788pt too wide) in paragraph at lines 328--335
[]\T1/ptm/m/n/10 A log-i-cal vec-tor of length num-ber of mul-tires-o-lu-tion l
ev-els. If \T1/fi4/m/n/10 normalize.level[i]==TRUE
[6] [7] (/usr/local/texlive/2011/texmf-dist/tex/latex/inconsolata/ts1fi4.fd)
(/usr/local/texlive/2011/texmf-dist/tex/latex/base/utf8.def) [8] [9]
Overfull \hbox (12.86871pt too wide) in paragraph at lines 619--624
[]\T1/ptm/m/n/10 The ra-tio of the nugget vari-ance (called sigma squared in \T
1/fi4/m/n/10 fields \T1/ptm/m/n/10 and \T1/fi4/m/n/10 LatticeKrig\T1/ptm/m/n/10
 )

Overfull \hbox (57.79955pt too wide) in paragraph at lines 619--624
\T1/fi4/m/n/10 fields \T1/ptm/m/n/10 and \T1/fi4/m/n/10 LatticeKrig\T1/ptm/m/n/
10 ). If sigma and rho are both spec-i-fied then \T1/fi4/m/n/10 lambda == sigma
^2/rho\T1/ptm/m/n/10 . 

Overfull \hbox (48.03876pt too wide) in paragraph at lines 688--693
\T1/ptm/m/n/10 vari-ance of the pro-cess. The ob-ject should be such that the c
ode \T1/fi4/m/n/10 predict(rho.object, x1)
[10] [11]
Overfull \hbox (19.8877pt too wide) in paragraph at lines 836--844
[]\T1/ptm/m/n/10 For a sin-gle level the RBFs are cen-tered at a reg-u-lar grid
 of points and with ra-dial sup-port \T1/fi4/m/n/10 delta*overlap
[12] [13] [14]
Overfull \hbox (77.98825pt too wide) in paragraph at lines 1071--1074
[]\T1/fi4/m/n/10 LKrig\T1/ptm/b/n/10 :  \T1/ptm/m/n/10 Find spa-tial pro-cess e
s-ti-mate for fixed co-vari-ance speci-ficed by  \T1/fi4/m/n/10 nlevel, alpha, 
a.wght, NC, and lambda
[15] [16]
Underfull \vbox (badness 10000) has occurred while \output is active [17]
Underfull \vbox (badness 10000) has occurred while \output is active [18]
Underfull \vbox (badness 10000) has occurred while \output is active [19]
(/usr/local/texlive/2011/texmf-dist/tex/latex/base/utf8.def) [20] [21]
(/usr/local/texlive/2011/texmf-dist/tex/latex/base/utf8.def) [22] [23]
(/usr/local/texlive/2011/texmf-dist/tex/latex/base/utf8.def) [24] [25] [26]
[27] [28]
Underfull \vbox (badness 10000) has occurred while \output is active [29]
Underfull \vbox (badness 10000) has occurred while \output is active [30]
Underfull \vbox (badness 10000) has occurred while \output is active [31]
(/usr/local/texlive/2011/texmf-dist/tex/latex/base/utf8.def)
Overfull \hbox (15.10759pt too wide) in paragraph at lines 2252--2263
\T1/ptm/m/n/10 columns. Thus, the kth trial has pa-ram-e-ters par.grid\$llambda
[k], par.grid\$alpha[k,]
[32] [33] [34] [35]
Underfull \vbox (badness 10000) has occurred while \output is active [36]
(/usr/local/texlive/2011/texmf-dist/tex/latex/base/utf8.def) [37] [38] [39]
(/usr/local/texlive/2011/texmf-dist/tex/latex/base/utf8.def) [40]
(/usr/local/texlive/2011/texmf-dist/tex/latex/base/utf8.def) [41] (./Rd2.ind
[42]

LaTeX Font Warning: Font shape `T1/fi4/m/it' undefined
(Font)              using `T1/fi4/m/n' instead on input line 18.

[43]) (./Rd2.aux)

LaTeX Font Warning: Some font shapes were not available, defaults substituted.

 )
(see the transcript file for additional information){/usr/local/texlive/2011/te
xmf-dist/fonts/enc/dvips/base/8r.enc}{/usr/local/texlive/2011/texmf-dist/fonts/
enc/dvips/inconsolata/fi4-ec.enc}</usr/local/texlive/2011/texmf-dist/fonts/type
1/public/inconsolata/Inconsolata.pfb></usr/local/texlive/2011/texmf-dist/fonts/
type1/public/amsfonts/cm/cmsy10.pfb></usr/local/texlive/2011/texmf-dist/fonts/t
ype1/urw/helvetic/uhvr8a.pfb></usr/local/texlive/2011/texmf-dist/fonts/type1/ur
w/times/utmb8a.pfb></usr/local/texlive/2011/texmf-dist/fonts/type1/urw/times/ut
mr8a.pfb></usr/local/texlive/2011/texmf-dist/fonts/type1/urw/times/utmr8a.pfb><
/usr/local/texlive/2011/texmf-dist/fonts/type1/urw/times/utmri8a.pfb>
Output written on Rd2.pdf (43 pages, 183604 bytes).
Transcript written on Rd2.log.
Saving output to 'LatticeKrig-manual.pdf' ...
Done
You may want to clean up by 'rm -rf /tmp/RtmpUZbwDK/Rd2pdf38467e3793d'
